#
# There is insufficient memory for the Java Runtime Environment to continue.
# Native memory allocation (mmap) failed to map 25165824 bytes for Failed to commit area from 0x0000000087400000 to 0x0000000088c00000 of length 25165824.
# Possible reasons:
#   The system is out of physical RAM or swap space
#   The process is running with CompressedOops enabled, and the Java Heap may be blocking the growth of the native heap
# Possible solutions:
#   Reduce memory load on the system
#   Increase physical memory or swap space
#   Check if swap backing store is full
#   Decrease Java heap size (-Xmx/-Xms)
#   Decrease number of Java threads
#   Decrease Java thread stack sizes (-Xss)
#   Set larger code cache with -XX:ReservedCodeCacheSize=
#   JVM is running with Unscaled Compressed Oops mode in which the Java heap is
#     placed in the first 4GB address space. The Java Heap base address is the
#     maximum limit for the native heap growth. Please use -XX:HeapBaseMinAddress
#     to set the Java Heap base and to place the Java Heap above 4GB virtual address.
# This output file may be truncated or incomplete.
#
#  Out of Memory Error (./src/hotspot/os/windows/os_windows.cpp:3303), pid=11640, tid=12912
#
# JRE version: OpenJDK Runtime Environment (11.0.8+10) (build 11.0.8+10-b944.6842174)
# Java VM: OpenJDK 64-Bit Server VM (11.0.8+10-b944.6842174, mixed mode, tiered, compressed oops, g1 gc, windows-amd64)
# No core dump will be written. Minidumps are not enabled by default on client versions of Windows
#

---------------  S U M M A R Y ------------

Command Line: --add-opens=java.base/java.util=ALL-UNNAMED --add-opens=java.base/java.lang=ALL-UNNAMED --add-opens=java.base/java.lang.invoke=ALL-UNNAMED --add-opens=java.prefs/java.util.prefs=ALL-UNNAMED -Xmx2048m -Dfile.encoding=UTF-8 -Duser.country=US -Duser.language=en -Duser.variant org.gradle.launcher.daemon.bootstrap.GradleDaemon 6.7.1

Host: AMD Ryzen 5 3500U with Radeon Vega Mobile Gfx  , 8 cores, 5G,  Windows 10 , 64 bit Build 19041 (10.0.19041.1023)
Time: Tue Oct 12 23:45:22 2021 India Standard Time elapsed time: 39 seconds (0d 0h 0m 39s)

---------------  T H R E A D  ---------------

Current thread (0x000001e026844000):  VMThread "VM Thread" [stack: 0x0000001816c00000,0x0000001816d00000] [id=12912]

Stack: [0x0000001816c00000,0x0000001816d00000]
[error occurred during error reporting (printing stack bounds), id 0xc0000005, EXCEPTION_ACCESS_VIOLATION (0xc0000005) at pc=0x000001e00f730dad]

Native frames: (J=compiled Java code, j=interpreted, Vv=VM code, C=native code)
V  [jvm.dll+0x5de50a]
V  [jvm.dll+0x7122f5]
V  [jvm.dll+0x71384d]
V  [jvm.dll+0x713e65]
V  [jvm.dll+0x713e1b]
V  [jvm.dll+0x5dd958]
V  [jvm.dll+0x5de0f8]
C  [ntdll.dll+0xa217f]
C  [ntdll.dll+0x51454]
C  [ntdll.dll+0xa0cae]
C  0x000001e00f730dad

VM_Operation (0x00000018201fd5d0): G1CollectForAllocation, mode: safepoint, requested by thread 0x000001e02cb01000


---------------  P R O C E S S  ---------------

Threads class SMR info:
_java_thread_list=0x000001e030000650, length=152, elements={
0x000001e00a5cc000, 0x000001e026848800, 0x000001e02684a000, 0x000001e02685f800,
0x000001e026860000, 0x000001e026862000, 0x000001e02686a800, 0x000001e026874000,
0x000001e02731e800, 0x000001e027368000, 0x000001e028c71000, 0x000001e027462800,
0x000001e02953d800, 0x000001e028d0a000, 0x000001e0287da000, 0x000001e0298f4000,
0x000001e028697800, 0x000001e02869d800, 0x000001e02869e000, 0x000001e029124800,
0x000001e0286f3000, 0x000001e0286f4800, 0x000001e0286f5000, 0x000001e0286f3800,
0x000001e027fdd000, 0x000001e027fde800, 0x000001e027fdd800, 0x000001e027fd9000,
0x000001e027fdf800, 0x000001e027fdc000, 0x000001e027fe1000, 0x000001e027fdb000,
0x000001e027fe6800, 0x000001e027fe2800, 0x000001e027fe3800, 0x000001e027fe7800,
0x000001e027fe2000, 0x000001e027fe4000, 0x000001e027fe6000, 0x000001e027fe5000,
0x000001e02b6b1000, 0x000001e02b6b2000, 0x000001e02b6af800, 0x000001e02b6b3800,
0x000001e02b6b4800, 0x000001e02b6af000, 0x000001e02b6b3000, 0x000001e02b6b0800,
0x000001e02b6b5800, 0x000001e02b6b9800, 0x000001e02b6bb000, 0x000001e02b6ba000,
0x000001e02b6bc000, 0x000001e02b6b6000, 0x000001e02b6bc800, 0x000001e02b6b8800,
0x000001e02b6b7000, 0x000001e02b6bd800, 0x000001e02b6b8000, 0x000001e02bb25000,
0x000001e02bb2a000, 0x000001e02bb2a800, 0x000001e02bb2b800, 0x000001e02bb26000,
0x000001e02bb29000, 0x000001e02bb2c800, 0x000001e02bb26800, 0x000001e02bb2d000,
0x000001e02bb27800, 0x000001e02bb2e000, 0x000001e02bb28800, 0x000001e02bb33000,
0x000001e02bb2f800, 0x000001e02bb30800, 0x000001e02bb32000, 0x000001e02bb31000,
0x000001e02bb33800, 0x000001e02bb2f000, 0x000001e0290a7000, 0x000001e0290a3800,
0x000001e0290a3000, 0x000001e0290a7800, 0x000001e0290a2000, 0x000001e0290a6000,
0x000001e0290a9800, 0x000001e0290aa000, 0x000001e0290a8800, 0x000001e0290a5000,
0x000001e0290a4800, 0x000001e0290b0000, 0x000001e0290af000, 0x000001e0290ab000,
0x000001e0290ae000, 0x000001e0290b0800, 0x000001e0290ab800, 0x000001e0290ac800,
0x000001e0290ad800, 0x000001e02c07b800, 0x000001e02c07e000, 0x000001e02c07c000,
0x000001e02c080000, 0x000001e02c07a800, 0x000001e02c082800, 0x000001e02c07e800,
0x000001e02c081000, 0x000001e02c082000, 0x000001e02c07d000, 0x000001e02c083800,
0x000001e02c084800, 0x000001e02c085000, 0x000001e02c07f800, 0x000001e02c088800,
0x000001e02c086000, 0x000001e02c086800, 0x000001e02c087800, 0x000001e02c089000,
0x000001e029817000, 0x000001e029817800, 0x000001e029814800, 0x000001e029816000,
0x000001e029815800, 0x000001e029818800, 0x000001e029819800, 0x000001e029813800,
0x000001e02981c800, 0x000001e02981d800, 0x000001e02981e800, 0x000001e029820000,
0x000001e02981f000, 0x000001e02981a000, 0x000001e029820800, 0x000001e02981b000,
0x000001e029821800, 0x000001e02981c000, 0x000001e029822800, 0x000001e02cafb800,
0x000001e02cafa000, 0x000001e02caf8000, 0x000001e02caf6800, 0x000001e02cafd000,
0x000001e02caf7800, 0x000001e02cafe000, 0x000001e02caff000, 0x000001e02caf9000,
0x000001e02cb04800, 0x000001e02cb00800, 0x000001e02cb03000, 0x000001e02cb02000,
0x000001e02cb05800, 0x000001e02cb01000, 0x000001e02cb03800, 0x000001e0293c7000
}

Java Threads: ( => current thread )
  0x000001e00a5cc000 JavaThread "main" [_thread_blocked, id=2668, stack(0x0000001816600000,0x0000001816700000)]
  0x000001e026848800 JavaThread "Reference Handler" daemon [_thread_blocked, id=11256, stack(0x0000001816d00000,0x0000001816e00000)]
  0x000001e02684a000 JavaThread "Finalizer" daemon [_thread_blocked, id=13884, stack(0x0000001816e00000,0x0000001816f00000)]
  0x000001e02685f800 JavaThread "Signal Dispatcher" daemon [_thread_blocked, id=236, stack(0x0000001816f00000,0x0000001817000000)]
  0x000001e026860000 JavaThread "Attach Listener" daemon [_thread_blocked, id=13744, stack(0x0000001817000000,0x0000001817100000)]
  0x000001e026862000 JavaThread "C2 CompilerThread0" daemon [_thread_blocked, id=8104, stack(0x0000001817100000,0x0000001817200000)]
  0x000001e02686a800 JavaThread "C1 CompilerThread0" daemon [_thread_blocked, id=7196, stack(0x0000001817200000,0x0000001817300000)]
  0x000001e026874000 JavaThread "Sweeper thread" daemon [_thread_blocked, id=8464, stack(0x0000001817300000,0x0000001817400000)]
  0x000001e02731e800 JavaThread "Common-Cleaner" daemon [_thread_blocked, id=13448, stack(0x0000001817400000,0x0000001817500000)]
  0x000001e027368000 JavaThread "Service Thread" daemon [_thread_blocked, id=3020, stack(0x0000001817500000,0x0000001817600000)]
  0x000001e028c71000 JavaThread "Daemon health stats" [_thread_blocked, id=13416, stack(0x0000001817900000,0x0000001817a00000)]
  0x000001e027462800 JavaThread "Incoming local TCP Connector on port 54780" [_thread_in_native, id=9528, stack(0x0000001817b00000,0x0000001817c00000)]
  0x000001e02953d800 JavaThread "Daemon periodic checks" [_thread_blocked, id=11028, stack(0x0000001817c00000,0x0000001817d00000)]
  0x000001e028d0a000 JavaThread "Daemon" [_thread_blocked, id=13616, stack(0x0000001817d00000,0x0000001817e00000)]
  0x000001e0287da000 JavaThread "Handler for socket connection from /127.0.0.1:54780 to /127.0.0.1:54781" [_thread_in_native, id=10496, stack(0x0000001817e00000,0x0000001817f00000)]
  0x000001e0298f4000 JavaThread "Cancel handler" [_thread_blocked, id=13076, stack(0x0000001818600000,0x0000001818700000)]
  0x000001e028697800 JavaThread "Daemon worker" [_thread_blocked, id=10540, stack(0x0000001818700000,0x0000001818800000)]
  0x000001e02869d800 JavaThread "Asynchronous log dispatcher for DefaultDaemonConnection: socket connection from /127.0.0.1:54780 to /127.0.0.1:54781" [_thread_blocked, id=15204, stack(0x0000001818800000,0x0000001818900000)]
  0x000001e02869e000 JavaThread "Stdin handler" [_thread_blocked, id=10492, stack(0x0000001818900000,0x0000001818a00000)]
  0x000001e029124800 JavaThread "Thread-8" [_thread_blocked, id=1664, stack(0x0000001818a00000,0x0000001818b00000)]
  0x000001e0286f3000 JavaThread "Cache worker for file hash cache (C:\Users\ASUS\.gradle\caches\6.7.1\fileHashes)" [_thread_blocked, id=12068, stack(0x0000001818b00000,0x0000001818c00000)]
  0x000001e0286f4800 JavaThread "File lock request listener" [_thread_in_native, id=13588, stack(0x0000001818c00000,0x0000001818d00000)]
  0x000001e0286f5000 JavaThread "Cache worker for journal cache (C:\Users\ASUS\.gradle\caches\journal-1)" [_thread_blocked, id=14828, stack(0x0000001818e00000,0x0000001818f00000)]
  0x000001e0286f3800 JavaThread "Cache worker for file hash cache (C:\Users\ASUS\AndroidStudioProjects\Checkerapp\.gradle\6.7.1\fileHashes)" [_thread_blocked, id=14140, stack(0x0000001818f00000,0x0000001819000000)]
  0x000001e027fdd000 JavaThread "Cache worker for checksums cache (C:\Users\ASUS\AndroidStudioProjects\Checkerapp\.gradle\checksums)" [_thread_blocked, id=14348, stack(0x0000001819100000,0x0000001819200000)]
  0x000001e027fde800 JavaThread "Cache worker for cache directory md-supplier (C:\Users\ASUS\.gradle\caches\6.7.1\md-supplier)" [_thread_blocked, id=2840, stack(0x0000001819200000,0x0000001819300000)]
  0x000001e027fdd800 JavaThread "Cache worker for cache directory md-rule (C:\Users\ASUS\.gradle\caches\6.7.1\md-rule)" [_thread_blocked, id=1828, stack(0x0000001819300000,0x0000001819400000)]
  0x000001e027fd9000 JavaThread "Cache worker for execution history cache (C:\Users\ASUS\.gradle\caches\6.7.1\executionHistory)" [_thread_blocked, id=3780, stack(0x0000001819500000,0x0000001819600000)]
  0x000001e027fdf800 JavaThread "jar transforms" [_thread_blocked, id=3764, stack(0x0000001819600000,0x0000001819700000)]
  0x000001e027fdc000 JavaThread "Cache worker for file content cache (C:\Users\ASUS\.gradle\caches\6.7.1\fileContent)" [_thread_blocked, id=13084, stack(0x0000001819400000,0x0000001819500000)]
  0x000001e027fe1000 JavaThread "Cache worker for Build Output Cleanup Cache (C:\Users\ASUS\AndroidStudioProjects\Checkerapp\.gradle\buildOutputCleanup)" [_thread_blocked, id=13684, stack(0x0000001819800000,0x0000001819900000)]
  0x000001e027fdb000 JavaThread "Build operations" [_thread_blocked, id=13124, stack(0x0000001819700000,0x0000001819800000)]
  0x000001e027fe6800 JavaThread "Build operations Thread 2" [_thread_blocked, id=10320, stack(0x0000001819900000,0x0000001819a00000)]
  0x000001e027fe2800 JavaThread "Build operations Thread 3" [_thread_blocked, id=3180, stack(0x0000001819a00000,0x0000001819b00000)]
  0x000001e027fe3800 JavaThread "Build operations Thread 4" [_thread_blocked, id=8900, stack(0x0000001819b00000,0x0000001819c00000)]
  0x000001e027fe7800 JavaThread "Build operations Thread 5" [_thread_blocked, id=11948, stack(0x0000001819c00000,0x0000001819d00000)]
  0x000001e027fe2000 JavaThread "Build operations Thread 6" [_thread_blocked, id=14764, stack(0x0000001819d00000,0x0000001819e00000)]
  0x000001e027fe4000 JavaThread "Build operations Thread 7" [_thread_blocked, id=744, stack(0x0000001819e00000,0x0000001819f00000)]
  0x000001e027fe6000 JavaThread "Build operations Thread 8" [_thread_blocked, id=10624, stack(0x0000001819f00000,0x000000181a000000)]
  0x000001e027fe5000 JavaThread "jar transforms Thread 2" [_thread_blocked, id=8764, stack(0x000000181a000000,0x000000181a100000)]
  0x000001e02b6b1000 JavaThread "jar transforms Thread 3" [_thread_blocked, id=9896, stack(0x000000181a100000,0x000000181a200000)]
  0x000001e02b6b2000 JavaThread "jar transforms Thread 4" [_thread_blocked, id=6300, stack(0x000000181a200000,0x000000181a300000)]
  0x000001e02b6af800 JavaThread "jar transforms Thread 5" [_thread_blocked, id=9616, stack(0x000000181a300000,0x000000181a400000)]
  0x000001e02b6b3800 JavaThread "jar transforms Thread 6" [_thread_blocked, id=8388, stack(0x000000181a400000,0x000000181a500000)]
  0x000001e02b6b4800 JavaThread "jar transforms Thread 7" [_thread_blocked, id=8204, stack(0x000000181a500000,0x000000181a600000)]
  0x000001e02b6af000 JavaThread "jar transforms Thread 8" [_thread_blocked, id=13140, stack(0x0000001819000000,0x0000001819100000)]
  0x000001e02b6b3000 JavaThread "jar transforms Thread 9" [_thread_blocked, id=13844, stack(0x000000181a600000,0x000000181a700000)]
  0x000001e02b6b0800 JavaThread "jar transforms Thread 10" [_thread_blocked, id=13444, stack(0x000000181a700000,0x000000181a800000)]
  0x000001e02b6b5800 JavaThread "jar transforms Thread 11" [_thread_blocked, id=11592, stack(0x000000181a800000,0x000000181a900000)]
  0x000001e02b6b9800 JavaThread "jar transforms Thread 12" [_thread_blocked, id=12500, stack(0x000000181a900000,0x000000181aa00000)]
  0x000001e02b6bb000 JavaThread "jar transforms Thread 13" [_thread_blocked, id=12688, stack(0x000000181aa00000,0x000000181ab00000)]
  0x000001e02b6ba000 JavaThread "jar transforms Thread 14" [_thread_blocked, id=13888, stack(0x000000181ab00000,0x000000181ac00000)]
  0x000001e02b6bc000 JavaThread "jar transforms Thread 15" [_thread_blocked, id=1656, stack(0x000000181ac00000,0x000000181ad00000)]
  0x000001e02b6b6000 JavaThread "jar transforms Thread 16" [_thread_blocked, id=11824, stack(0x000000181ad00000,0x000000181ae00000)]
  0x000001e02b6bc800 JavaThread "jar transforms Thread 17" [_thread_blocked, id=3752, stack(0x000000181ae00000,0x000000181af00000)]
  0x000001e02b6b8800 JavaThread "jar transforms Thread 18" [_thread_blocked, id=13852, stack(0x000000181af00000,0x000000181b000000)]
  0x000001e02b6b7000 JavaThread "jar transforms Thread 19" [_thread_blocked, id=9040, stack(0x000000181b000000,0x000000181b100000)]
  0x000001e02b6bd800 JavaThread "jar transforms Thread 20" [_thread_blocked, id=2524, stack(0x000000181b100000,0x000000181b200000)]
  0x000001e02b6b8000 JavaThread "jar transforms Thread 21" [_thread_blocked, id=12952, stack(0x000000181b200000,0x000000181b300000)]
  0x000001e02bb25000 JavaThread "jar transforms Thread 22" [_thread_blocked, id=6292, stack(0x000000181b300000,0x000000181b400000)]
  0x000001e02bb2a000 JavaThread "jar transforms Thread 23" [_thread_blocked, id=664, stack(0x000000181b400000,0x000000181b500000)]
  0x000001e02bb2a800 JavaThread "jar transforms Thread 24" [_thread_blocked, id=6272, stack(0x000000181b500000,0x000000181b600000)]
  0x000001e02bb2b800 JavaThread "jar transforms Thread 25" [_thread_blocked, id=7140, stack(0x000000181b600000,0x000000181b700000)]
  0x000001e02bb26000 JavaThread "jar transforms Thread 26" [_thread_blocked, id=700, stack(0x000000181b700000,0x000000181b800000)]
  0x000001e02bb29000 JavaThread "jar transforms Thread 27" [_thread_blocked, id=9460, stack(0x000000181b800000,0x000000181b900000)]
  0x000001e02bb2c800 JavaThread "jar transforms Thread 28" [_thread_blocked, id=15088, stack(0x000000181b900000,0x000000181ba00000)]
  0x000001e02bb26800 JavaThread "jar transforms Thread 29" [_thread_blocked, id=12536, stack(0x000000181ba00000,0x000000181bb00000)]
  0x000001e02bb2d000 JavaThread "jar transforms Thread 30" [_thread_blocked, id=4600, stack(0x000000181bb00000,0x000000181bc00000)]
  0x000001e02bb27800 JavaThread "jar transforms Thread 31" [_thread_blocked, id=13756, stack(0x000000181bc00000,0x000000181bd00000)]
  0x000001e02bb2e000 JavaThread "jar transforms Thread 32" [_thread_blocked, id=9508, stack(0x000000181bd00000,0x000000181be00000)]
  0x000001e02bb28800 JavaThread "jar transforms Thread 33" [_thread_blocked, id=3008, stack(0x000000181be00000,0x000000181bf00000)]
  0x000001e02bb33000 JavaThread "jar transforms Thread 34" [_thread_blocked, id=11780, stack(0x000000181bf00000,0x000000181c000000)]
  0x000001e02bb2f800 JavaThread "jar transforms Thread 35" [_thread_blocked, id=10276, stack(0x000000181c000000,0x000000181c100000)]
  0x000001e02bb30800 JavaThread "jar transforms Thread 36" [_thread_blocked, id=13108, stack(0x000000181c100000,0x000000181c200000)]
  0x000001e02bb32000 JavaThread "jar transforms Thread 37" [_thread_blocked, id=12348, stack(0x000000181c200000,0x000000181c300000)]
  0x000001e02bb31000 JavaThread "jar transforms Thread 38" [_thread_blocked, id=3340, stack(0x000000181c300000,0x000000181c400000)]
  0x000001e02bb33800 JavaThread "jar transforms Thread 39" [_thread_blocked, id=13296, stack(0x000000181c400000,0x000000181c500000)]
  0x000001e02bb2f000 JavaThread "jar transforms Thread 40" [_thread_blocked, id=9312, stack(0x000000181c500000,0x000000181c600000)]
  0x000001e0290a7000 JavaThread "jar transforms Thread 41" [_thread_blocked, id=13748, stack(0x000000181c600000,0x000000181c700000)]
  0x000001e0290a3800 JavaThread "jar transforms Thread 42" [_thread_blocked, id=11624, stack(0x000000181c700000,0x000000181c800000)]
  0x000001e0290a3000 JavaThread "jar transforms Thread 43" [_thread_blocked, id=2532, stack(0x000000181c800000,0x000000181c900000)]
  0x000001e0290a7800 JavaThread "jar transforms Thread 44" [_thread_blocked, id=9404, stack(0x000000181c900000,0x000000181ca00000)]
  0x000001e0290a2000 JavaThread "jar transforms Thread 45" [_thread_blocked, id=11104, stack(0x000000181ca00000,0x000000181cb00000)]
  0x000001e0290a6000 JavaThread "jar transforms Thread 46" [_thread_blocked, id=1116, stack(0x000000181cb00000,0x000000181cc00000)]
  0x000001e0290a9800 JavaThread "jar transforms Thread 47" [_thread_blocked, id=14612, stack(0x000000181cc00000,0x000000181cd00000)]
  0x000001e0290aa000 JavaThread "jar transforms Thread 48" [_thread_blocked, id=14804, stack(0x000000181cd00000,0x000000181ce00000)]
  0x000001e0290a8800 JavaThread "jar transforms Thread 49" [_thread_blocked, id=5080, stack(0x000000181ce00000,0x000000181cf00000)]
  0x000001e0290a5000 JavaThread "jar transforms Thread 50" [_thread_blocked, id=448, stack(0x000000181cf00000,0x000000181d000000)]
  0x000001e0290a4800 JavaThread "jar transforms Thread 51" [_thread_blocked, id=12568, stack(0x000000181d000000,0x000000181d100000)]
  0x000001e0290b0000 JavaThread "jar transforms Thread 52" [_thread_blocked, id=11980, stack(0x000000181d100000,0x000000181d200000)]
  0x000001e0290af000 JavaThread "jar transforms Thread 53" [_thread_blocked, id=14360, stack(0x000000181d200000,0x000000181d300000)]
  0x000001e0290ab000 JavaThread "jar transforms Thread 54" [_thread_blocked, id=10808, stack(0x000000181d300000,0x000000181d400000)]
  0x000001e0290ae000 JavaThread "jar transforms Thread 55" [_thread_blocked, id=12064, stack(0x000000181d400000,0x000000181d500000)]
  0x000001e0290b0800 JavaThread "jar transforms Thread 56" [_thread_blocked, id=10264, stack(0x000000181d500000,0x000000181d600000)]
  0x000001e0290ab800 JavaThread "jar transforms Thread 57" [_thread_blocked, id=10576, stack(0x000000181d600000,0x000000181d700000)]
  0x000001e0290ac800 JavaThread "jar transforms Thread 58" [_thread_blocked, id=256, stack(0x000000181d700000,0x000000181d800000)]
  0x000001e0290ad800 JavaThread "jar transforms Thread 59" [_thread_blocked, id=7480, stack(0x000000181d800000,0x000000181d900000)]
  0x000001e02c07b800 JavaThread "jar transforms Thread 60" [_thread_blocked, id=11700, stack(0x000000181d900000,0x000000181da00000)]
  0x000001e02c07e000 JavaThread "jar transforms Thread 61" [_thread_blocked, id=15244, stack(0x000000181da00000,0x000000181db00000)]
  0x000001e02c07c000 JavaThread "jar transforms Thread 62" [_thread_blocked, id=14816, stack(0x000000181db00000,0x000000181dc00000)]
  0x000001e02c080000 JavaThread "jar transforms Thread 63" [_thread_blocked, id=15072, stack(0x000000181dc00000,0x000000181dd00000)]
  0x000001e02c07a800 JavaThread "jar transforms Thread 64" [_thread_blocked, id=6412, stack(0x000000181dd00000,0x000000181de00000)]
  0x000001e02c082800 JavaThread "jar transforms Thread 65" [_thread_blocked, id=7760, stack(0x000000181de00000,0x000000181df00000)]
  0x000001e02c07e800 JavaThread "jar transforms Thread 66" [_thread_blocked, id=11644, stack(0x000000181df00000,0x000000181e000000)]
  0x000001e02c081000 JavaThread "jar transforms Thread 67" [_thread_blocked, id=15064, stack(0x000000181e000000,0x000000181e100000)]
  0x000001e02c082000 JavaThread "jar transforms Thread 68" [_thread_blocked, id=3232, stack(0x000000181e100000,0x000000181e200000)]
  0x000001e02c07d000 JavaThread "jar transforms Thread 69" [_thread_blocked, id=11424, stack(0x000000181e200000,0x000000181e300000)]
  0x000001e02c083800 JavaThread "jar transforms Thread 70" [_thread_blocked, id=7912, stack(0x000000181e300000,0x000000181e400000)]
  0x000001e02c084800 JavaThread "jar transforms Thread 71" [_thread_blocked, id=14748, stack(0x000000181e400000,0x000000181e500000)]
  0x000001e02c085000 JavaThread "jar transforms Thread 72" [_thread_blocked, id=13380, stack(0x000000181e500000,0x000000181e600000)]
  0x000001e02c07f800 JavaThread "jar transforms Thread 73" [_thread_blocked, id=3672, stack(0x000000181e600000,0x000000181e700000)]
  0x000001e02c088800 JavaThread "jar transforms Thread 74" [_thread_blocked, id=3776, stack(0x000000181e700000,0x000000181e800000)]
  0x000001e02c086000 JavaThread "jar transforms Thread 75" [_thread_blocked, id=11864, stack(0x000000181e800000,0x000000181e900000)]
  0x000001e02c086800 JavaThread "jar transforms Thread 76" [_thread_blocked, id=9020, stack(0x000000181e900000,0x000000181ea00000)]
  0x000001e02c087800 JavaThread "jar transforms Thread 77" [_thread_blocked, id=13560, stack(0x000000181ea00000,0x000000181eb00000)]
  0x000001e02c089000 JavaThread "jar transforms Thread 78" [_thread_blocked, id=13652, stack(0x000000181eb00000,0x000000181ec00000)]
  0x000001e029817000 JavaThread "jar transforms Thread 79" [_thread_blocked, id=8952, stack(0x000000181ec00000,0x000000181ed00000)]
  0x000001e029817800 JavaThread "jar transforms Thread 80" [_thread_blocked, id=13688, stack(0x000000181ed00000,0x000000181ee00000)]
  0x000001e029814800 JavaThread "jar transforms Thread 81" [_thread_blocked, id=5480, stack(0x000000181ee00000,0x000000181ef00000)]
  0x000001e029816000 JavaThread "jar transforms Thread 82" [_thread_blocked, id=10604, stack(0x000000181ef00000,0x000000181f000000)]
  0x000001e029815800 JavaThread "jar transforms Thread 83" [_thread_blocked, id=14800, stack(0x000000181f000000,0x000000181f100000)]
  0x000001e029818800 JavaThread "jar transforms Thread 84" [_thread_blocked, id=3916, stack(0x000000181f100000,0x000000181f200000)]
  0x000001e029819800 JavaThread "jar transforms Thread 85" [_thread_blocked, id=1720, stack(0x000000181f200000,0x000000181f300000)]
  0x000001e029813800 JavaThread "jar transforms Thread 86" [_thread_blocked, id=8404, stack(0x000000181f300000,0x000000181f400000)]
  0x000001e02981c800 JavaThread "jar transforms Thread 87" [_thread_blocked, id=14664, stack(0x000000181f400000,0x000000181f500000)]
  0x000001e02981d800 JavaThread "jar transforms Thread 88" [_thread_blocked, id=14808, stack(0x000000181f500000,0x000000181f600000)]
  0x000001e02981e800 JavaThread "jar transforms Thread 89" [_thread_blocked, id=7360, stack(0x000000181f600000,0x000000181f700000)]
  0x000001e029820000 JavaThread "jar transforms Thread 90" [_thread_blocked, id=13068, stack(0x000000181f700000,0x000000181f800000)]
  0x000001e02981f000 JavaThread "jar transforms Thread 91" [_thread_blocked, id=4548, stack(0x000000181f800000,0x000000181f900000)]
  0x000001e02981a000 JavaThread "jar transforms Thread 92" [_thread_blocked, id=12716, stack(0x000000181f900000,0x000000181fa00000)]
  0x000001e029820800 JavaThread "jar transforms Thread 93" [_thread_blocked, id=11128, stack(0x000000181fa00000,0x000000181fb00000)]
  0x000001e02981b000 JavaThread "jar transforms Thread 94" [_thread_blocked, id=10096, stack(0x000000181fb00000,0x000000181fc00000)]
  0x000001e029821800 JavaThread "jar transforms Thread 95" [_thread_blocked, id=2216, stack(0x000000181fc00000,0x000000181fd00000)]
  0x000001e02981c000 JavaThread "jar transforms Thread 96" [_thread_blocked, id=7404, stack(0x000000181fd00000,0x000000181fe00000)]
  0x000001e029822800 JavaThread "jar transforms Thread 97" [_thread_blocked, id=4808, stack(0x000000181fe00000,0x000000181ff00000)]
  0x000001e02cafb800 JavaThread "jar transforms Thread 98" [_thread_blocked, id=12372, stack(0x000000181ff00000,0x0000001820000000)]
  0x000001e02cafa000 JavaThread "jar transforms Thread 99" [_thread_blocked, id=8500, stack(0x0000001820000000,0x0000001820100000)]
  0x000001e02caf8000 JavaThread "Memory manager" [_thread_blocked, id=12904, stack(0x0000001820300000,0x0000001820400000)]
  0x000001e02caf6800 JavaThread "build event listener" [_thread_blocked, id=10372, stack(0x0000001820200000,0x0000001820300000)]
  0x000001e02cafd000 JavaThread "build event listener" [_thread_blocked, id=8456, stack(0x0000001820400000,0x0000001820500000)]
  0x000001e02caf7800 JavaThread "Execution worker for ':'" [_thread_blocked, id=8452, stack(0x0000001820500000,0x0000001820600000)]
  0x000001e02cafe000 JavaThread "Execution worker for ':' Thread 2" [_thread_blocked, id=4644, stack(0x0000001820600000,0x0000001820700000)]
  0x000001e02caff000 JavaThread "Execution worker for ':' Thread 3" [_thread_blocked, id=10488, stack(0x0000001820700000,0x0000001820800000)]
  0x000001e02caf9000 JavaThread "Execution worker for ':' Thread 4" [_thread_blocked, id=7832, stack(0x0000001820800000,0x0000001820900000)]
  0x000001e02cb04800 JavaThread "Execution worker for ':' Thread 5" [_thread_blocked, id=4820, stack(0x0000001820900000,0x0000001820a00000)]
  0x000001e02cb00800 JavaThread "Execution worker for ':' Thread 6" [_thread_blocked, id=6184, stack(0x0000001820a00000,0x0000001820b00000)]
  0x000001e02cb03000 JavaThread "Execution worker for ':' Thread 7" [_thread_blocked, id=10716, stack(0x0000001820b00000,0x0000001820c00000)]
  0x000001e02cb02000 JavaThread "Cache worker for execution history cache (C:\Users\ASUS\AndroidStudioProjects\Checkerapp\.gradle\6.7.1\executionHistory)" [_thread_blocked, id=13532, stack(0x0000001820c00000,0x0000001820d00000)]
  0x000001e02cb05800 JavaThread "WorkerExecutor Queue Thread 2" [_thread_blocked, id=11484, stack(0x0000001820e00000,0x0000001820f00000)]
  0x000001e02cb01000 JavaThread "WorkerExecutor Queue Thread 3" [_thread_blocked, id=1484, stack(0x0000001820100000,0x0000001820200000)]
  0x000001e02cb03800 JavaThread "WorkerExecutor Queue Thread 4" [_thread_blocked, id=14424, stack(0x0000001820d00000,0x0000001820e00000)]
  0x000001e0293c7000 JavaThread "WorkerExecutor Queue Thread 5" [_thread_blocked, id=9924, stack(0x0000001820f00000,0x0000001821000000)]

Other Threads:
=>0x000001e026844000 VMThread "VM Thread" [stack: 0x0000001816c00000,0x0000001816d00000] [id=12912]
  0x000001e02736d000 WatcherThread [stack: 0x0000001817600000,0x0000001817700000] [id=12480]
  0x000001e00a4db800 GCTaskThread "GC Thread#0" [stack: 0x0000001816700000,0x0000001816800000] [id=10008]
  0x000001e027c8d000 GCTaskThread "GC Thread#1" [stack: 0x0000001817800000,0x0000001817900000] [id=10428]
  0x000001e029129800 GCTaskThread "GC Thread#2" [stack: 0x0000001817f00000,0x0000001818000000] [id=11720]
  0x000001e029978000 GCTaskThread "GC Thread#3" [stack: 0x0000001818000000,0x0000001818100000] [id=14332]
  0x000001e0288ba800 GCTaskThread "GC Thread#4" [stack: 0x0000001818100000,0x0000001818200000] [id=12296]
  0x000001e0288bb800 GCTaskThread "GC Thread#5" [stack: 0x0000001818200000,0x0000001818300000] [id=5160]
  0x000001e0285a7000 GCTaskThread "GC Thread#6" [stack: 0x0000001818300000,0x0000001818400000] [id=12280]
  0x000001e0285a8000 GCTaskThread "GC Thread#7" [stack: 0x0000001818400000,0x0000001818500000] [id=4192]
  0x000001e00a611000 ConcurrentGCThread "G1 Main Marker" [stack: 0x0000001816800000,0x0000001816900000] [id=14840]
  0x000001e00a614800 ConcurrentGCThread "G1 Conc#0" [stack: 0x0000001816900000,0x0000001816a00000] [id=5176]
  0x000001e028d04000 ConcurrentGCThread "G1 Conc#1" [stack: 0x0000001818d00000,0x0000001818e00000] [id=15340]
  0x000001e00a699000 ConcurrentGCThread "G1 Refine#0" [stack: 0x0000001816a00000,0x0000001816b00000] [id=13396]
  0x000001e027dbf800 ConcurrentGCThread "G1 Refine#1" [stack: 0x0000001818500000,0x0000001818600000] [id=15276]
  0x000001e00a69a000 ConcurrentGCThread "G1 Young RemSet Sampling" [stack: 0x0000001816b00000,0x0000001816c00000] [id=10872]

Threads with active compile tasks:
C2 CompilerThread0  39357 9588       4       com.android.utils.XmlUtils::append (647 bytes)

VM state:at safepoint (normal execution)

VM Mutex/Monitor currently owned by a thread:  ([mutex/lock_event])
[0x000001e00a5ca910] Threads_lock - owner thread: 0x000001e026844000
[0x000001e00a5cb960] Heap_lock - owner thread: 0x000001e02cb01000

Heap address: 0x0000000080000000, size: 2048 MB, Compressed Oops mode: 32-bit
Narrow klass base: 0x0000000000000000, Narrow klass shift: 3
Compressed class space size: 1073741824 Address: 0x0000000100000000

Heap:
 garbage-first heap   total 143360K, used 86435K [0x0000000080000000, 0x0000000100000000)
  region size 1024K, 2 young (2048K), 2 survivors (2048K)
 Metaspace       used 78757K, capacity 80708K, committed 80972K, reserved 1120256K
  class space    used 10109K, capacity 10774K, committed 10880K, reserved 1048576K
Heap Regions: E=young(eden), S=young(survivor), O=old, HS=humongous(starts), HC=humongous(continues), CS=collection set, F=free, A=archive, TAMS=top-at-mark-start (previous, next)
|   0|0x0000000080000000, 0x0000000080100000, 0x0000000080100000|100%| O|  |TAMS 0x0000000080100000, 0x0000000080000000| Untracked 
|   1|0x0000000080100000, 0x0000000080200000, 0x0000000080200000|100%| O|  |TAMS 0x0000000080200000, 0x0000000080100000| Untracked 
|   2|0x0000000080200000, 0x0000000080300000, 0x0000000080300000|100%| O|  |TAMS 0x0000000080300000, 0x0000000080200000| Untracked 
|   3|0x0000000080300000, 0x0000000080400000, 0x0000000080400000|100%|HS|  |TAMS 0x0000000080400000, 0x0000000080300000| Complete 
|   4|0x0000000080400000, 0x0000000080500000, 0x0000000080500000|100%|HC|  |TAMS 0x0000000080500000, 0x0000000080400000| Complete 
|   5|0x0000000080500000, 0x0000000080600000, 0x0000000080600000|100%|HC|  |TAMS 0x0000000080600000, 0x0000000080500000| Complete 
|   6|0x0000000080600000, 0x0000000080700000, 0x0000000080700000|100%| O|  |TAMS 0x0000000080700000, 0x0000000080600000| Untracked 
|   7|0x0000000080700000, 0x0000000080800000, 0x0000000080800000|100%| O|  |TAMS 0x0000000080800000, 0x0000000080700000| Untracked 
|   8|0x0000000080800000, 0x0000000080900000, 0x0000000080900000|100%| O|  |TAMS 0x0000000080900000, 0x0000000080800000| Untracked 
|   9|0x0000000080900000, 0x0000000080a00000, 0x0000000080a00000|100%| O|  |TAMS 0x0000000080a00000, 0x0000000080900000| Untracked 
|  10|0x0000000080a00000, 0x0000000080b00000, 0x0000000080b00000|100%| O|  |TAMS 0x0000000080b00000, 0x0000000080a00000| Untracked 
|  11|0x0000000080b00000, 0x0000000080c00000, 0x0000000080c00000|100%| O|  |TAMS 0x0000000080c00000, 0x0000000080b00000| Untracked 
|  12|0x0000000080c00000, 0x0000000080d00000, 0x0000000080d00000|100%| O|  |TAMS 0x0000000080d00000, 0x0000000080c00000| Untracked 
|  13|0x0000000080d00000, 0x0000000080e00000, 0x0000000080e00000|100%| O|  |TAMS 0x0000000080e00000, 0x0000000080d00000| Untracked 
|  14|0x0000000080e00000, 0x0000000080f00000, 0x0000000080f00000|100%| O|  |TAMS 0x0000000080f00000, 0x0000000080e00000| Untracked 
|  15|0x0000000080f00000, 0x0000000081000000, 0x0000000081000000|100%| O|  |TAMS 0x0000000081000000, 0x0000000080f00000| Untracked 
|  16|0x0000000081000000, 0x0000000081100000, 0x0000000081100000|100%| O|  |TAMS 0x0000000081100000, 0x0000000081000000| Untracked 
|  17|0x0000000081100000, 0x0000000081200000, 0x0000000081200000|100%| O|  |TAMS 0x0000000081200000, 0x0000000081100000| Untracked 
|  18|0x0000000081200000, 0x0000000081300000, 0x0000000081300000|100%|HS|  |TAMS 0x0000000081300000, 0x0000000081200000| Complete 
|  19|0x0000000081300000, 0x0000000081400000, 0x0000000081400000|100%| O|  |TAMS 0x0000000081400000, 0x0000000081300000| Untracked 
|  20|0x0000000081400000, 0x0000000081500000, 0x0000000081500000|100%| O|  |TAMS 0x0000000081500000, 0x0000000081400000| Untracked 
|  21|0x0000000081500000, 0x0000000081600000, 0x0000000081600000|100%| O|  |TAMS 0x0000000081600000, 0x0000000081500000| Untracked 
|  22|0x0000000081600000, 0x0000000081700000, 0x0000000081700000|100%| O|  |TAMS 0x0000000081700000, 0x0000000081600000| Untracked 
|  23|0x0000000081700000, 0x0000000081800000, 0x0000000081800000|100%| O|  |TAMS 0x0000000081800000, 0x0000000081700000| Untracked 
|  24|0x0000000081800000, 0x0000000081900000, 0x0000000081900000|100%| O|  |TAMS 0x0000000081900000, 0x0000000081800000| Untracked 
|  25|0x0000000081900000, 0x0000000081a00000, 0x0000000081a00000|100%| O|  |TAMS 0x0000000081a00000, 0x0000000081900000| Untracked 
|  26|0x0000000081a00000, 0x0000000081b00000, 0x0000000081b00000|100%|HS|  |TAMS 0x0000000081b00000, 0x0000000081a00000| Complete 
|  27|0x0000000081b00000, 0x0000000081c00000, 0x0000000081c00000|100%|HC|  |TAMS 0x0000000081c00000, 0x0000000081b00000| Complete 
|  28|0x0000000081c00000, 0x0000000081d00000, 0x0000000081d00000|100%| O|  |TAMS 0x0000000081d00000, 0x0000000081c00000| Untracked 
|  29|0x0000000081d00000, 0x0000000081e00000, 0x0000000081e00000|100%| O|  |TAMS 0x0000000081e00000, 0x0000000081d00000| Untracked 
|  30|0x0000000081e00000, 0x0000000081f00000, 0x0000000081f00000|100%| O|  |TAMS 0x0000000081f00000, 0x0000000081e00000| Untracked 
|  31|0x0000000081f00000, 0x0000000082000000, 0x0000000082000000|100%| O|  |TAMS 0x0000000082000000, 0x0000000081f00000| Untracked 
|  32|0x0000000082000000, 0x0000000082100000, 0x0000000082100000|100%| O|  |TAMS 0x0000000082100000, 0x0000000082000000| Untracked 
|  33|0x0000000082100000, 0x0000000082200000, 0x0000000082200000|100%| O|  |TAMS 0x0000000082200000, 0x0000000082100000| Untracked 
|  34|0x0000000082200000, 0x0000000082300000, 0x0000000082300000|100%| O|  |TAMS 0x0000000082300000, 0x0000000082200000| Untracked 
|  35|0x0000000082300000, 0x0000000082400000, 0x0000000082400000|100%| O|  |TAMS 0x0000000082400000, 0x0000000082300000| Untracked 
|  36|0x0000000082400000, 0x0000000082500000, 0x0000000082500000|100%| O|  |TAMS 0x0000000082500000, 0x0000000082400000| Untracked 
|  37|0x0000000082500000, 0x0000000082600000, 0x0000000082600000|100%| O|  |TAMS 0x0000000082600000, 0x0000000082500000| Untracked 
|  38|0x0000000082600000, 0x0000000082700000, 0x0000000082700000|100%| O|  |TAMS 0x0000000082700000, 0x0000000082600000| Untracked 
|  39|0x0000000082700000, 0x0000000082800000, 0x0000000082800000|100%| O|  |TAMS 0x0000000082800000, 0x0000000082700000| Untracked 
|  40|0x0000000082800000, 0x0000000082900000, 0x0000000082900000|100%| O|  |TAMS 0x0000000082900000, 0x0000000082800000| Untracked 
|  41|0x0000000082900000, 0x0000000082a00000, 0x0000000082a00000|100%| O|  |TAMS 0x0000000082a00000, 0x0000000082900000| Untracked 
|  42|0x0000000082a00000, 0x0000000082b00000, 0x0000000082b00000|100%| O|  |TAMS 0x0000000082b00000, 0x0000000082a00000| Untracked 
|  43|0x0000000082b00000, 0x0000000082c00000, 0x0000000082c00000|100%| O|  |TAMS 0x0000000082c00000, 0x0000000082b00000| Untracked 
|  44|0x0000000082c00000, 0x0000000082d00000, 0x0000000082d00000|100%| O|  |TAMS 0x0000000082d00000, 0x0000000082c00000| Untracked 
|  45|0x0000000082d00000, 0x0000000082e00000, 0x0000000082e00000|100%| O|  |TAMS 0x0000000082e00000, 0x0000000082d00000| Untracked 
|  46|0x0000000082e00000, 0x0000000082f00000, 0x0000000082f00000|100%| O|  |TAMS 0x0000000082f00000, 0x0000000082e00000| Untracked 
|  47|0x0000000082f00000, 0x0000000083000000, 0x0000000083000000|100%| O|  |TAMS 0x0000000083000000, 0x0000000082f00000| Untracked 
|  48|0x0000000083000000, 0x0000000083100000, 0x0000000083100000|100%| O|  |TAMS 0x0000000083100000, 0x0000000083000000| Untracked 
|  49|0x0000000083100000, 0x0000000083200000, 0x0000000083200000|100%| O|  |TAMS 0x0000000083200000, 0x0000000083100000| Untracked 
|  50|0x0000000083200000, 0x0000000083300000, 0x0000000083300000|100%| O|  |TAMS 0x0000000083300000, 0x0000000083200000| Untracked 
|  51|0x0000000083300000, 0x0000000083400000, 0x0000000083400000|100%| O|  |TAMS 0x0000000083400000, 0x0000000083300000| Untracked 
|  52|0x0000000083400000, 0x0000000083500000, 0x0000000083500000|100%| O|  |TAMS 0x0000000083500000, 0x0000000083400000| Untracked 
|  53|0x0000000083500000, 0x0000000083600000, 0x0000000083600000|100%| O|  |TAMS 0x0000000083600000, 0x0000000083500000| Untracked 
|  54|0x0000000083600000, 0x0000000083700000, 0x0000000083700000|100%| O|  |TAMS 0x0000000083700000, 0x0000000083600000| Untracked 
|  55|0x0000000083700000, 0x0000000083800000, 0x0000000083800000|100%| O|  |TAMS 0x0000000083800000, 0x0000000083700000| Untracked 
|  56|0x0000000083800000, 0x0000000083900000, 0x0000000083900000|100%| O|  |TAMS 0x0000000083900000, 0x0000000083800000| Untracked 
|  57|0x0000000083900000, 0x0000000083a00000, 0x0000000083a00000|100%| O|  |TAMS 0x0000000083a00000, 0x0000000083900000| Untracked 
|  58|0x0000000083a00000, 0x0000000083b00000, 0x0000000083b00000|100%| O|  |TAMS 0x0000000083b00000, 0x0000000083a00000| Untracked 
|  59|0x0000000083b00000, 0x0000000083c00000, 0x0000000083c00000|100%| O|  |TAMS 0x0000000083c00000, 0x0000000083b00000| Untracked 
|  60|0x0000000083c00000, 0x0000000083d00000, 0x0000000083d00000|100%| O|  |TAMS 0x0000000083d00000, 0x0000000083c00000| Untracked 
|  61|0x0000000083d00000, 0x0000000083e00000, 0x0000000083e00000|100%| O|  |TAMS 0x0000000083e00000, 0x0000000083d00000| Untracked 
|  62|0x0000000083e00000, 0x0000000083f00000, 0x0000000083f00000|100%| O|  |TAMS 0x0000000083f00000, 0x0000000083e00000| Untracked 
|  63|0x0000000083f00000, 0x0000000084000000, 0x0000000084000000|100%| O|  |TAMS 0x0000000084000000, 0x0000000083f00000| Untracked 
|  64|0x0000000084000000, 0x0000000084100000, 0x0000000084100000|100%|HS|  |TAMS 0x0000000084100000, 0x0000000084000000| Complete 
|  65|0x0000000084100000, 0x0000000084200000, 0x0000000084200000|100%| O|  |TAMS 0x0000000084200000, 0x0000000084100000| Untracked 
|  66|0x0000000084200000, 0x0000000084300000, 0x0000000084300000|100%| O|  |TAMS 0x0000000084300000, 0x0000000084200000| Untracked 
|  67|0x0000000084300000, 0x0000000084400000, 0x0000000084400000|100%| O|  |TAMS 0x0000000084400000, 0x0000000084300000| Untracked 
|  68|0x0000000084400000, 0x0000000084500000, 0x0000000084500000|100%| O|  |TAMS 0x0000000084500000, 0x0000000084400000| Untracked 
|  69|0x0000000084500000, 0x0000000084600000, 0x0000000084600000|100%| O|  |TAMS 0x0000000084600000, 0x0000000084500000| Untracked 
|  70|0x0000000084600000, 0x0000000084700000, 0x0000000084700000|100%| O|  |TAMS 0x0000000084700000, 0x0000000084600000| Untracked 
|  71|0x0000000084700000, 0x0000000084800000, 0x0000000084800000|100%| O|  |TAMS 0x0000000084800000, 0x0000000084700000| Untracked 
|  72|0x0000000084800000, 0x0000000084900000, 0x0000000084900000|100%| O|  |TAMS 0x0000000084900000, 0x0000000084800000| Untracked 
|  73|0x0000000084900000, 0x0000000084a00000, 0x0000000084a00000|100%| O|  |TAMS 0x0000000084a00000, 0x0000000084900000| Untracked 
|  74|0x0000000084a00000, 0x0000000084b00000, 0x0000000084b00000|100%| O|  |TAMS 0x0000000084b00000, 0x0000000084a00000| Untracked 
|  75|0x0000000084b00000, 0x0000000084c00000, 0x0000000084c00000|100%| O|  |TAMS 0x0000000084c00000, 0x0000000084b00000| Untracked 
|  76|0x0000000084c00000, 0x0000000084d00000, 0x0000000084d00000|100%| O|  |TAMS 0x0000000084d00000, 0x0000000084c00000| Untracked 
|  77|0x0000000084d00000, 0x0000000084e00000, 0x0000000084e00000|100%| O|  |TAMS 0x0000000084e00000, 0x0000000084d00000| Untracked 
|  78|0x0000000084e00000, 0x0000000084f00000, 0x0000000084f00000|100%| O|  |TAMS 0x0000000084ed4a00, 0x0000000084e00000| Untracked 
|  79|0x0000000084f00000, 0x0000000084f00000, 0x0000000085000000|  0%| F|  |TAMS 0x0000000084f00000, 0x0000000084f00000| Untracked 
|  80|0x0000000085000000, 0x0000000085000000, 0x0000000085100000|  0%| F|  |TAMS 0x0000000085000000, 0x0000000085000000| Untracked 
|  81|0x0000000085100000, 0x0000000085100000, 0x0000000085200000|  0%| F|  |TAMS 0x0000000085100000, 0x0000000085100000| Untracked 
|  82|0x0000000085200000, 0x0000000085300000, 0x0000000085300000|100%| O|  |TAMS 0x0000000085200000, 0x0000000085200000| Untracked 
|  83|0x0000000085300000, 0x0000000085400000, 0x0000000085400000|100%| O|  |TAMS 0x0000000085400000, 0x0000000085300000| Untracked 
|  84|0x0000000085400000, 0x0000000085400000, 0x0000000085500000|  0%| F|  |TAMS 0x0000000085400000, 0x0000000085400000| Untracked 
|  85|0x0000000085500000, 0x0000000085500000, 0x0000000085600000|  0%| F|  |TAMS 0x0000000085500000, 0x0000000085500000| Untracked 
|  86|0x0000000085600000, 0x0000000085600000, 0x0000000085700000|  0%| F|  |TAMS 0x0000000085600000, 0x0000000085600000| Untracked 
|  87|0x0000000085700000, 0x0000000085700000, 0x0000000085800000|  0%| F|  |TAMS 0x0000000085700000, 0x0000000085700000| Untracked 
|  88|0x0000000085800000, 0x0000000085800000, 0x0000000085900000|  0%| F|  |TAMS 0x0000000085800000, 0x0000000085800000| Untracked 
|  89|0x0000000085900000, 0x0000000085900000, 0x0000000085a00000|  0%| F|  |TAMS 0x0000000085900000, 0x0000000085900000| Untracked 
|  90|0x0000000085a00000, 0x0000000085a00000, 0x0000000085b00000|  0%| F|  |TAMS 0x0000000085a00000, 0x0000000085a00000| Untracked 
|  91|0x0000000085b00000, 0x0000000085b00000, 0x0000000085c00000|  0%| F|  |TAMS 0x0000000085b00000, 0x0000000085b00000| Untracked 
|  92|0x0000000085c00000, 0x0000000085c00000, 0x0000000085d00000|  0%| F|  |TAMS 0x0000000085c00000, 0x0000000085c00000| Untracked 
|  93|0x0000000085d00000, 0x0000000085d00000, 0x0000000085e00000|  0%| F|  |TAMS 0x0000000085d00000, 0x0000000085d00000| Untracked 
|  94|0x0000000085e00000, 0x0000000085e00000, 0x0000000085f00000|  0%| F|  |TAMS 0x0000000085e00000, 0x0000000085e00000| Untracked 
|  95|0x0000000085f00000, 0x0000000085f00000, 0x0000000086000000|  0%| F|  |TAMS 0x0000000085f00000, 0x0000000085f00000| Untracked 
|  96|0x0000000086000000, 0x0000000086100000, 0x0000000086100000|100%| O|  |TAMS 0x0000000086000000, 0x0000000086000000| Untracked 
|  97|0x0000000086100000, 0x00000000861aa800, 0x0000000086200000| 66%| O|  |TAMS 0x0000000086100000, 0x0000000086100000| Untracked 
|  98|0x0000000086200000, 0x0000000086200000, 0x0000000086300000|  0%| F|  |TAMS 0x0000000086200000, 0x0000000086200000| Untracked 
|  99|0x0000000086300000, 0x00000000863be498, 0x0000000086400000| 74%| S|CS|TAMS 0x0000000086300000, 0x0000000086300000| Complete 
| 100|0x0000000086400000, 0x0000000086500000, 0x0000000086500000|100%| S|CS|TAMS 0x0000000086400000, 0x0000000086400000| Complete 
| 101|0x0000000086500000, 0x0000000086500000, 0x0000000086600000|  0%| F|  |TAMS 0x0000000086500000, 0x0000000086500000| Untracked 
| 102|0x0000000086600000, 0x0000000086600000, 0x0000000086700000|  0%| F|  |TAMS 0x0000000086600000, 0x0000000086600000| Untracked 
| 103|0x0000000086700000, 0x0000000086700000, 0x0000000086800000|  0%| F|  |TAMS 0x0000000086700000, 0x0000000086700000| Untracked 
| 104|0x0000000086800000, 0x0000000086800000, 0x0000000086900000|  0%| F|  |TAMS 0x0000000086800000, 0x0000000086800000| Untracked 
| 105|0x0000000086900000, 0x0000000086900000, 0x0000000086a00000|  0%| F|  |TAMS 0x0000000086900000, 0x0000000086900000| Untracked 
| 106|0x0000000086a00000, 0x0000000086a00000, 0x0000000086b00000|  0%| F|  |TAMS 0x0000000086a00000, 0x0000000086a00000| Untracked 
| 107|0x0000000086b00000, 0x0000000086b00000, 0x0000000086c00000|  0%| F|  |TAMS 0x0000000086b00000, 0x0000000086b00000| Untracked 
| 108|0x0000000086c00000, 0x0000000086c00000, 0x0000000086d00000|  0%| F|  |TAMS 0x0000000086c00000, 0x0000000086c00000| Untracked 
| 109|0x0000000086d00000, 0x0000000086d00000, 0x0000000086e00000|  0%| F|  |TAMS 0x0000000086d00000, 0x0000000086d00000| Untracked 
| 110|0x0000000086e00000, 0x0000000086e00000, 0x0000000086f00000|  0%| F|  |TAMS 0x0000000086e00000, 0x0000000086e00000| Untracked 
| 111|0x0000000086f00000, 0x0000000086f00000, 0x0000000087000000|  0%| F|  |TAMS 0x0000000086f00000, 0x0000000086f00000| Untracked 
| 112|0x0000000087000000, 0x0000000087000000, 0x0000000087100000|  0%| F|  |TAMS 0x0000000087000000, 0x0000000087000000| Untracked 
| 113|0x0000000087100000, 0x0000000087100000, 0x0000000087200000|  0%| F|  |TAMS 0x0000000087100000, 0x0000000087100000| Untracked 
| 114|0x0000000087200000, 0x0000000087200000, 0x0000000087300000|  0%| F|  |TAMS 0x0000000087200000, 0x0000000087200000| Untracked 
| 115|0x0000000087300000, 0x0000000087300000, 0x0000000087400000|  0%| F|  |TAMS 0x0000000087300000, 0x0000000087300000| Untracked 

Card table byte_map: [0x000001e01f590000,0x000001e01f990000] _byte_map_base: 0x000001e01f190000

Marking Bits (Prev, Next): (CMBitMap*) 0x000001e00a608128, (CMBitMap*) 0x000001e00a608160
 Prev Bits: [0x000001e01fd90000, 0x000001e021d90000)
 Next Bits: [0x000001e021d90000, 0x000001e023d90000)

Polling page: 0x000001e00a6b0000

Metaspace:

Usage:
  Non-class:     68.29 MB capacity,    67.04 MB ( 98%) used,     1.06 MB (  2%) free+waste,   198.63 KB ( <1%) overhead. 
      Class:     10.52 MB capacity,     9.87 MB ( 94%) used,   574.02 KB (  5%) free+waste,    90.50 KB ( <1%) overhead. 
       Both:     78.82 MB capacity,    76.91 MB ( 98%) used,     1.62 MB (  2%) free+waste,   289.13 KB ( <1%) overhead. 

Virtual space:
  Non-class space:       70.00 MB reserved,      68.45 MB ( 98%) committed 
      Class space:        1.00 GB reserved,      10.63 MB (  1%) committed 
             Both:        1.07 GB reserved,      79.07 MB (  7%) committed 

Chunk freelists:
   Non-Class:  94.00 KB
       Class:  42.00 KB
        Both:  136.00 KB

MaxMetaspaceSize: 17179869184.00 GB
CompressedClassSpaceSize: 1.00 GB

CodeHeap 'non-profiled nmethods': size=120000Kb used=5592Kb max_used=5592Kb free=114407Kb
 bounds [0x000001e017200000, 0x000001e017780000, 0x000001e01e730000]
CodeHeap 'profiled nmethods': size=120000Kb used=20652Kb max_used=20652Kb free=99347Kb
 bounds [0x000001e00fcd0000, 0x000001e011100000, 0x000001e017200000]
CodeHeap 'non-nmethods': size=5760Kb used=2254Kb max_used=2300Kb free=3505Kb
 bounds [0x000001e00f730000, 0x000001e00f9a0000, 0x000001e00fcd0000]
 total_blobs=10157 nmethods=9314 adapters=753
 compilation: enabled
              stopped_count=0, restarted_count=0
 full_count=0

Compilation events (20 events):
Event: 39.268 Thread 0x000001e02686a800 9696       2       java.io.ObjectOutputStream$HandleTable::growSpine (67 bytes)
Event: 39.269 Thread 0x000001e02686a800 nmethod 9696 0x000001e0110f9710 code [0x000001e0110f9900, 0x000001e0110f9c38]
Event: 39.269 Thread 0x000001e02686a800 9694       2       java.io.ObjectInputStream$BlockDataInputStream::readShort (73 bytes)
Event: 39.270 Thread 0x000001e02686a800 nmethod 9694 0x000001e0110f9e10 code [0x000001e0110f9fe0, 0x000001e0110fa1f8]
Event: 39.270 Thread 0x000001e02686a800 9697       2       java.io.SerialCallbackContext::checkAndSetUsed (26 bytes)
Event: 39.271 Thread 0x000001e02686a800 nmethod 9697 0x000001e00ffcdc10 code [0x000001e00ffcdde0, 0x000001e00ffcdf88]
Event: 39.271 Thread 0x000001e02686a800 9695       2       java.io.SerialCallbackContext::getObj (9 bytes)
Event: 39.271 Thread 0x000001e02686a800 nmethod 9695 0x000001e0110fa390 code [0x000001e0110fa560, 0x000001e0110fa728]
Event: 39.272 Thread 0x000001e02686a800 9698   !   2       jdk.internal.reflect.GeneratedSerializationConstructorAccessor7::newInstance (49 bytes)
Event: 39.272 Thread 0x000001e02686a800 nmethod 9698 0x000001e0110fa810 code [0x000001e0110faa00, 0x000001e0110fad08]
Event: 39.272 Thread 0x000001e02686a800 9699  s    2       java.io.File::readObject (80 bytes)
Event: 39.274 Thread 0x000001e02686a800 nmethod 9699 0x000001e0110faf10 code [0x000001e0110fb120, 0x000001e0110fb558]
Event: 39.274 Thread 0x000001e02686a800 9700       2       java.io.ObjectStreamClass::getVariantFor (51 bytes)
Event: 39.275 Thread 0x000001e02686a800 nmethod 9700 0x000001e0110fb790 code [0x000001e0110fb960, 0x000001e0110fbb58]
Event: 39.276 Thread 0x000001e02686a800 9701       2       java.io.ObjectOutputStream::writeInt (9 bytes)
Event: 39.276 Thread 0x000001e02686a800 nmethod 9701 0x000001e00fda1110 code [0x000001e00fda12c0, 0x000001e00fda13e8]
Event: 39.276 Thread 0x000001e02686a800 9702       2       java.io.ObjectStreamClass$ClassDataSlot::<init> (15 bytes)
Event: 39.277 Thread 0x000001e02686a800 nmethod 9702 0x000001e010027d10 code [0x000001e010027ec0, 0x000001e010028018]
Event: 39.279 Thread 0x000001e02686a800 9703   !   2       jdk.internal.reflect.GeneratedMethodAccessor27::invoke (66 bytes)
Event: 39.280 Thread 0x000001e02686a800 nmethod 9703 0x000001e0110fbc10 code [0x000001e0110fbe40, 0x000001e0110fc318]

GC Heap History (20 events):
Event: 28.028 GC heap after
{Heap after GC invocations=29 (full 0):
 garbage-first heap   total 98304K, used 57493K [0x0000000080000000, 0x0000000100000000)
  region size 1024K, 3 young (3072K), 3 survivors (3072K)
 Metaspace       used 77015K, capacity 78942K, committed 79052K, reserved 1118208K
  class space    used 10041K, capacity 10712K, committed 10752K, reserved 1048576K
}
Event: 29.115 GC heap before
{Heap before GC invocations=30 (full 0):
 garbage-first heap   total 98304K, used 81045K [0x0000000080000000, 0x0000000100000000)
  region size 1024K, 26 young (26624K), 3 survivors (3072K)
 Metaspace       used 77204K, capacity 79099K, committed 79308K, reserved 1118208K
  class space    used 10034K, capacity 10699K, committed 10752K, reserved 1048576K
}
Event: 29.124 GC heap after
{Heap after GC invocations=31 (full 0):
 garbage-first heap   total 98304K, used 58037K [0x0000000080000000, 0x0000000100000000)
  region size 1024K, 2 young (2048K), 2 survivors (2048K)
 Metaspace       used 77204K, capacity 79099K, committed 79308K, reserved 1118208K
  class space    used 10034K, capacity 10699K, committed 10752K, reserved 1048576K
}
Event: 30.377 GC heap before
{Heap before GC invocations=31 (full 0):
 garbage-first heap   total 98304K, used 81589K [0x0000000080000000, 0x0000000100000000)
  region size 1024K, 26 young (26624K), 2 survivors (2048K)
 Metaspace       used 77356K, capacity 79302K, committed 79564K, reserved 1118208K
  class space    used 10034K, capacity 10699K, committed 10752K, reserved 1048576K
}
Event: 30.397 GC heap after
{Heap after GC invocations=32 (full 0):
 garbage-first heap   total 98304K, used 60052K [0x0000000080000000, 0x0000000100000000)
  region size 1024K, 4 young (4096K), 4 survivors (4096K)
 Metaspace       used 77356K, capacity 79302K, committed 79564K, reserved 1118208K
  class space    used 10034K, capacity 10699K, committed 10752K, reserved 1048576K
}
Event: 32.696 GC heap before
{Heap before GC invocations=33 (full 0):
 garbage-first heap   total 98304K, used 82580K [0x0000000080000000, 0x0000000100000000)
  region size 1024K, 26 young (26624K), 4 survivors (4096K)
 Metaspace       used 77299K, capacity 79192K, committed 79564K, reserved 1118208K
  class space    used 10001K, capacity 10640K, committed 10752K, reserved 1048576K
}
Event: 32.715 GC heap after
{Heap after GC invocations=34 (full 0):
 garbage-first heap   total 118784K, used 63225K [0x0000000080000000, 0x0000000100000000)
  region size 1024K, 4 young (4096K), 4 survivors (4096K)
 Metaspace       used 77299K, capacity 79192K, committed 79564K, reserved 1118208K
  class space    used 10001K, capacity 10640K, committed 10752K, reserved 1048576K
}
Event: 33.451 GC heap before
{Heap before GC invocations=34 (full 0):
 garbage-first heap   total 118784K, used 78585K [0x0000000080000000, 0x0000000100000000)
  region size 1024K, 20 young (20480K), 4 survivors (4096K)
 Metaspace       used 77372K, capacity 79256K, committed 79564K, reserved 1118208K
  class space    used 10001K, capacity 10640K, committed 10752K, reserved 1048576K
}
Event: 33.463 GC heap after
{Heap after GC invocations=35 (full 0):
 garbage-first heap   total 118784K, used 66071K [0x0000000080000000, 0x0000000100000000)
  region size 1024K, 4 young (4096K), 4 survivors (4096K)
 Metaspace       used 77372K, capacity 79256K, committed 79564K, reserved 1118208K
  class space    used 10001K, capacity 10640K, committed 10752K, reserved 1048576K
}
Event: 34.651 GC heap before
{Heap before GC invocations=36 (full 0):
 garbage-first heap   total 118784K, used 95767K [0x0000000080000000, 0x0000000100000000)
  region size 1024K, 30 young (30720K), 4 survivors (4096K)
 Metaspace       used 77384K, capacity 79256K, committed 79564K, reserved 1118208K
  class space    used 10001K, capacity 10640K, committed 10752K, reserved 1048576K
}
Event: 34.666 GC heap after
{Heap after GC invocations=37 (full 0):
 garbage-first heap   total 118784K, used 73433K [0x0000000080000000, 0x0000000100000000)
  region size 1024K, 4 young (4096K), 4 survivors (4096K)
 Metaspace       used 77384K, capacity 79256K, committed 79564K, reserved 1118208K
  class space    used 10001K, capacity 10640K, committed 10752K, reserved 1048576K
}
Event: 35.225 GC heap before
{Heap before GC invocations=37 (full 0):
 garbage-first heap   total 118784K, used 95961K [0x0000000080000000, 0x0000000100000000)
  region size 1024K, 26 young (26624K), 4 survivors (4096K)
 Metaspace       used 77749K, capacity 79654K, committed 79948K, reserved 1118208K
  class space    used 10033K, capacity 10709K, committed 10880K, reserved 1048576K
}
Event: 35.235 GC heap after
{Heap after GC invocations=38 (full 0):
 garbage-first heap   total 118784K, used 77208K [0x0000000080000000, 0x0000000100000000)
  region size 1024K, 4 young (4096K), 4 survivors (4096K)
 Metaspace       used 77749K, capacity 79654K, committed 79948K, reserved 1118208K
  class space    used 10033K, capacity 10709K, committed 10880K, reserved 1048576K
}
Event: 35.549 GC heap before
{Heap before GC invocations=39 (full 0):
 garbage-first heap   total 118784K, used 84376K [0x0000000080000000, 0x0000000100000000)
  region size 1024K, 12 young (12288K), 4 survivors (4096K)
 Metaspace       used 78122K, capacity 80030K, committed 80460K, reserved 1118208K
  class space    used 10072K, capacity 10729K, committed 10880K, reserved 1048576K
}
Event: 35.559 GC heap after
{Heap after GC invocations=40 (full 0):
 garbage-first heap   total 118784K, used 78334K [0x0000000080000000, 0x0000000100000000)
  region size 1024K, 2 young (2048K), 2 survivors (2048K)
 Metaspace       used 78122K, capacity 80030K, committed 80460K, reserved 1118208K
  class space    used 10072K, capacity 10729K, committed 10880K, reserved 1048576K
}
Event: 37.766 GC heap before
{Heap before GC invocations=41 (full 0):
 garbage-first heap   total 118784K, used 107006K [0x0000000080000000, 0x0000000100000000)
  region size 1024K, 22 young (22528K), 2 survivors (2048K)
 Metaspace       used 78231K, capacity 80162K, committed 80460K, reserved 1118208K
  class space    used 10077K, capacity 10730K, committed 10880K, reserved 1048576K
}
Event: 37.777 GC heap after
{Heap after GC invocations=42 (full 0):
 garbage-first heap   total 118784K, used 80500K [0x0000000080000000, 0x0000000100000000)
  region size 1024K, 3 young (3072K), 3 survivors (3072K)
 Metaspace       used 78231K, capacity 80162K, committed 80460K, reserved 1118208K
  class space    used 10077K, capacity 10730K, committed 10880K, reserved 1048576K
}
Event: 38.628 GC heap before
{Heap before GC invocations=42 (full 0):
 garbage-first heap   total 118784K, used 89716K [0x0000000080000000, 0x0000000100000000)
  region size 1024K, 14 young (14336K), 3 survivors (3072K)
 Metaspace       used 78266K, capacity 80232K, committed 80460K, reserved 1118208K
  class space    used 10079K, capacity 10732K, committed 10880K, reserved 1048576K
}
Event: 38.642 GC heap after
{Heap after GC invocations=43 (full 0):
 garbage-first heap   total 118784K, used 84818K [0x0000000080000000, 0x0000000100000000)
  region size 1024K, 3 young (3072K), 3 survivors (3072K)
 Metaspace       used 78266K, capacity 80232K, committed 80460K, reserved 1118208K
  class space    used 10079K, capacity 10732K, committed 10880K, reserved 1048576K
}
Event: 39.284 GC heap before
{Heap before GC invocations=44 (full 0):
 garbage-first heap   total 118784K, used 111442K [0x0000000080000000, 0x0000000100000000)
  region size 1024K, 15 young (15360K), 3 survivors (3072K)
 Metaspace       used 78757K, capacity 80708K, committed 80972K, reserved 1120256K
  class space    used 10109K, capacity 10774K, committed 10880K, reserved 1048576K
}

Deoptimization events (20 events):
Event: 38.709 Thread 0x000001e02caf7800 DEOPT PACKING pc=0x000001e01776dc3c sp=0x00000018205fabd0
Event: 38.709 Thread 0x000001e02caf7800 DEOPT UNPACKING pc=0x000001e00f7574af sp=0x00000018205fab70 mode 2
Event: 38.763 Thread 0x000001e02caf7800 Uncommon trap: trap_request=0xffffff4d fr.pc=0x000001e017754c40 relative=0x00000000000078e0
Event: 38.763 Thread 0x000001e02caf7800 Uncommon trap: reason=unstable_if action=reinterpret pc=0x000001e017754c40 method=com.android.utils.XmlUtils.append(Lcom/android/utils/XmlUtils$PositionAwareStringBuilder;Lorg/w3c/dom/Node;Ljava/util/Map;Ljava/util/Set;)V @ 546 c2
Event: 38.763 Thread 0x000001e02caf7800 DEOPT PACKING pc=0x000001e017754c40 sp=0x00000018205fb240
Event: 38.763 Thread 0x000001e02caf7800 DEOPT UNPACKING pc=0x000001e00f7574af sp=0x00000018205fb208 mode 2
Event: 39.214 Thread 0x000001e02cb05800 DEOPT PACKING pc=0x000001e0110d9bfa sp=0x0000001820efc820
Event: 39.214 Thread 0x000001e02cb05800 DEOPT UNPACKING pc=0x000001e00f7572ce sp=0x0000001820efbd00 mode 0
Event: 39.215 Thread 0x000001e02cb05800 DEOPT PACKING pc=0x000001e0110d5a2f sp=0x0000001820efc970
Event: 39.216 Thread 0x000001e02cb05800 DEOPT UNPACKING pc=0x000001e00f7572ce sp=0x0000001820efbec8 mode 0
Event: 39.218 Thread 0x000001e02cb05800 DEOPT PACKING pc=0x000001e0106c90ee sp=0x0000001820efd810
Event: 39.218 Thread 0x000001e02cb05800 DEOPT UNPACKING pc=0x000001e00f7572ce sp=0x0000001820efcdb0 mode 0
Event: 39.274 Thread 0x000001e02cb03800 Uncommon trap: trap_request=0xffffff4d fr.pc=0x000001e0176867cc relative=0x000000000000060c
Event: 39.274 Thread 0x000001e02cb03800 Uncommon trap: reason=unstable_if action=reinterpret pc=0x000001e0176867cc method=java.lang.String.indexOf([BBILjava/lang/String;I)I @ 54 c2
Event: 39.274 Thread 0x000001e02cb05800 Uncommon trap: trap_request=0xffffff4d fr.pc=0x000001e0176867cc relative=0x000000000000060c
Event: 39.274 Thread 0x000001e02cb05800 Uncommon trap: reason=unstable_if action=reinterpret pc=0x000001e0176867cc method=java.lang.String.indexOf([BBILjava/lang/String;I)I @ 54 c2
Event: 39.274 Thread 0x000001e02cb05800 DEOPT PACKING pc=0x000001e0176867cc sp=0x0000001820efd7a0
Event: 39.274 Thread 0x000001e02cb03800 DEOPT PACKING pc=0x000001e0176867cc sp=0x0000001820dfdad0
Event: 39.274 Thread 0x000001e02cb05800 DEOPT UNPACKING pc=0x000001e00f7574af sp=0x0000001820efd708 mode 2
Event: 39.274 Thread 0x000001e02cb03800 DEOPT UNPACKING pc=0x000001e00f7574af sp=0x0000001820dfda38 mode 2

Classes redefined (0 events):
No events

Internal exceptions (20 events):
Event: 35.252 Thread 0x000001e02caf7800 Exception <a 'java/lang/NoSuchMethodError'{0x00000000873906a8}: <clinit>> (0x00000000873906a8) thrown at [./src/hotspot/share/prims/jni.cpp, line 1362]
Event: 35.254 Thread 0x000001e02caf7800 Exception <a 'java/lang/NoSuchMethodError'{0x000000008739eec0}: <clinit>> (0x000000008739eec0) thrown at [./src/hotspot/share/prims/jni.cpp, line 1362]
Event: 35.265 Thread 0x000001e02caf7800 Exception <a 'java/lang/NoSuchMethodError'{0x0000000087205a68}: <clinit>> (0x0000000087205a68) thrown at [./src/hotspot/share/prims/jni.cpp, line 1362]
Event: 35.265 Thread 0x000001e02caf7800 Exception <a 'java/lang/NoSuchMethodError'{0x0000000087208388}: <clinit>> (0x0000000087208388) thrown at [./src/hotspot/share/prims/jni.cpp, line 1362]
Event: 35.266 Thread 0x000001e02caf7800 Exception <a 'java/lang/NoSuchMethodError'{0x000000008720ca08}: <clinit>> (0x000000008720ca08) thrown at [./src/hotspot/share/prims/jni.cpp, line 1362]
Event: 35.266 Thread 0x000001e02caf7800 Exception <a 'java/lang/NoSuchMethodError'{0x0000000087217a40}: <clinit>> (0x0000000087217a40) thrown at [./src/hotspot/share/prims/jni.cpp, line 1362]
Event: 35.274 Thread 0x000001e02caf7800 Exception <a 'java/lang/NoSuchMethodError'{0x000000008726a068}: <clinit>> (0x000000008726a068) thrown at [./src/hotspot/share/prims/jni.cpp, line 1362]
Event: 35.278 Thread 0x000001e02caf7800 Exception <a 'java/lang/NoSuchMethodError'{0x000000008729bf68}: <clinit>> (0x000000008729bf68) thrown at [./src/hotspot/share/prims/jni.cpp, line 1362]
Event: 35.278 Thread 0x000001e02caf7800 Exception <a 'java/lang/NoSuchMethodError'{0x000000008729f3d0}: <clinit>> (0x000000008729f3d0) thrown at [./src/hotspot/share/prims/jni.cpp, line 1362]
Event: 35.279 Thread 0x000001e02caf7800 Exception <a 'java/lang/NoSuchMethodError'{0x00000000872a2040}: <clinit>> (0x00000000872a2040) thrown at [./src/hotspot/share/prims/jni.cpp, line 1362]
Event: 35.280 Thread 0x000001e02caf7800 Exception <a 'java/lang/NoSuchMethodError'{0x00000000872ba038}: <clinit>> (0x00000000872ba038) thrown at [./src/hotspot/share/prims/jni.cpp, line 1362]
Event: 35.283 Thread 0x000001e02caf7800 Exception <a 'java/lang/NoSuchMethodError'{0x00000000872d15e8}: <clinit>> (0x00000000872d15e8) thrown at [./src/hotspot/share/prims/jni.cpp, line 1362]
Event: 35.284 Thread 0x000001e02caf7800 Exception <a 'java/lang/NoSuchMethodError'{0x00000000872e6050}: <clinit>> (0x00000000872e6050) thrown at [./src/hotspot/share/prims/jni.cpp, line 1362]
Event: 35.288 Thread 0x000001e02caf7800 Exception <a 'java/lang/NoSuchMethodError'{0x0000000087106190}: <clinit>> (0x0000000087106190) thrown at [./src/hotspot/share/prims/jni.cpp, line 1362]
Event: 35.292 Thread 0x000001e02caf7800 Exception <a 'java/lang/NoSuchMethodError'{0x0000000087127d28}: <clinit>> (0x0000000087127d28) thrown at [./src/hotspot/share/prims/jni.cpp, line 1362]
Event: 35.295 Thread 0x000001e02caf7800 Exception <a 'java/lang/NoSuchMethodError'{0x000000008713a870}: <clinit>> (0x000000008713a870) thrown at [./src/hotspot/share/prims/jni.cpp, line 1362]
Event: 38.603 Thread 0x000001e02caf7800 Implicit null exception at 0x000001e01774f6c5 to 0x000001e017754c14
Event: 38.603 Thread 0x000001e02caf7800 Implicit null exception at 0x000001e01774f6c5 to 0x000001e017754c14
Event: 38.763 Thread 0x000001e02caf7800 Implicit null exception at 0x000001e01774f6c5 to 0x000001e017754c14
Event: 39.078 Thread 0x000001e02caf7800 Exception <a 'java/lang/NoSuchMethodError'{0x000000008710cee8}: <clinit>> (0x000000008710cee8) thrown at [./src/hotspot/share/prims/jni.cpp, line 1362]

Events (20 events):
Event: 39.251 Executing VM operation: RevokeBias done
Event: 39.253 loading class com/android/aaptcompiler/ResourceTable
Event: 39.253 loading class com/android/aaptcompiler/ResourceTable done
Event: 39.257 Thread 0x000001e026874000 flushing nmethod 0x000001e00ffcdc10
Event: 39.258 Thread 0x000001e026874000 flushing nmethod 0x000001e010027d10
Event: 39.258 loading class com/android/aaptcompiler/ResourceTable$Companion
Event: 39.258 loading class com/android/aaptcompiler/ResourceTable$Companion done
Event: 39.260 loading class com/android/aaptcompiler/StringPool
Event: 39.260 loading class com/android/aaptcompiler/StringPool done
Event: 39.265 loading class com/android/aaptcompiler/StringPool$Companion
Event: 39.265 loading class com/android/aaptcompiler/StringPool$Companion done
Event: 39.266 loading class com/android/aaptcompiler/StringPool$$special$$inlined$compareBy$1
Event: 39.266 loading class com/android/aaptcompiler/StringPool$$special$$inlined$compareBy$1 done
Event: 39.267 loading class com/android/aaptcompiler/StringPool$$special$$inlined$compareBy$2
Event: 39.267 loading class com/android/aaptcompiler/StringPool$$special$$inlined$compareBy$2 done
Event: 39.272 loading class com/android/aaptcompiler/TableExtractorOptions
Event: 39.272 loading class com/android/aaptcompiler/TableExtractorOptions done
Event: 39.274 loading class com/android/aaptcompiler/TableExtractor
Event: 39.274 loading class com/android/aaptcompiler/TableExtractor done
Event: 39.282 Executing VM operation: G1CollectForAllocation


Dynamic libraries:
0x00007ff799300000 - 0x00007ff79930a000 	C:\Program Files\Android\Android Studio\jre\bin\java.exe
0x00007ff90ccb0000 - 0x00007ff90cea5000 	C:\Windows\SYSTEM32\ntdll.dll
0x00007ff90bd30000 - 0x00007ff90bded000 	C:\Windows\System32\KERNEL32.DLL
0x00007ff90a860000 - 0x00007ff90ab29000 	C:\Windows\System32\KERNELBASE.dll
0x00007ff90a6c0000 - 0x00007ff90a7c0000 	C:\Windows\System32\ucrtbase.dll
0x00007ff8e78d0000 - 0x00007ff8e78e9000 	C:\Program Files\Android\Android Studio\jre\bin\jli.dll
0x00007ff8e2c10000 - 0x00007ff8e2c27000 	C:\Program Files\Android\Android Studio\jre\bin\VCRUNTIME140.dll
0x00007ff90ad50000 - 0x00007ff90aef0000 	C:\Windows\System32\USER32.dll
0x00007ff90ac40000 - 0x00007ff90ac62000 	C:\Windows\System32\win32u.dll
0x00007ff90ad20000 - 0x00007ff90ad4a000 	C:\Windows\System32\GDI32.dll
0x00007ff8fadf0000 - 0x00007ff8fb08a000 	C:\Windows\WinSxS\amd64_microsoft.windows.common-controls_6595b64144ccf1df_6.0.19041.1110_none_60b5254171f9507e\COMCTL32.dll
0x00007ff90a550000 - 0x00007ff90a65b000 	C:\Windows\System32\gdi32full.dll
0x00007ff90bec0000 - 0x00007ff90bf5e000 	C:\Windows\System32\msvcrt.dll
0x00007ff90a7c0000 - 0x00007ff90a85d000 	C:\Windows\System32\msvcp_win.dll
0x00007ff90c780000 - 0x00007ff90c7b0000 	C:\Windows\System32\IMM32.DLL
0x00007ff8c8700000 - 0x00007ff8c879d000 	C:\Program Files\Android\Android Studio\jre\bin\msvcp140.dll
0x00007ff8c7820000 - 0x00007ff8c82dc000 	C:\Program Files\Android\Android Studio\jre\bin\server\jvm.dll
0x00007ff90ca90000 - 0x00007ff90cb3c000 	C:\Windows\System32\ADVAPI32.dll
0x00007ff90c830000 - 0x00007ff90c8cb000 	C:\Windows\System32\sechost.dll
0x00007ff90b4c0000 - 0x00007ff90b5ea000 	C:\Windows\System32\RPCRT4.dll
0x00007ff90cbf0000 - 0x00007ff90cbf8000 	C:\Windows\System32\PSAPI.DLL
0x00007ff901730000 - 0x00007ff901757000 	C:\Windows\SYSTEM32\WINMM.dll
0x00007ff901760000 - 0x00007ff90176a000 	C:\Windows\SYSTEM32\VERSION.dll
0x00007ff905970000 - 0x00007ff905979000 	C:\Windows\SYSTEM32\WSOCK32.dll
0x00007ff90cc00000 - 0x00007ff90cc6b000 	C:\Windows\System32\WS2_32.dll
0x00007ff9082e0000 - 0x00007ff9082f2000 	C:\Windows\SYSTEM32\kernel.appcore.dll
0x00007ff8fe400000 - 0x00007ff8fe411000 	C:\Program Files\Android\Android Studio\jre\bin\verify.dll
0x00007ff907840000 - 0x00007ff907a24000 	C:\Windows\SYSTEM32\DBGHELP.DLL
0x00007ff8f3e50000 - 0x00007ff8f3e7c000 	C:\Windows\SYSTEM32\dbgcore.DLL
0x00007ff90ab60000 - 0x00007ff90abe3000 	C:\Windows\System32\bcryptPrimitives.dll
0x00007ff8f9780000 - 0x00007ff8f97a9000 	C:\Program Files\Android\Android Studio\jre\bin\java.dll
0x00007ff905960000 - 0x00007ff90596b000 	C:\Program Files\Android\Android Studio\jre\bin\jimage.dll
0x00007ff8fe3e0000 - 0x00007ff8fe3f8000 	C:\Program Files\Android\Android Studio\jre\bin\zip.dll
0x00007ff90b5f0000 - 0x00007ff90bd2f000 	C:\Windows\System32\SHELL32.dll
0x00007ff9084e0000 - 0x00007ff908c71000 	C:\Windows\SYSTEM32\windows.storage.dll
0x00007ff90b100000 - 0x00007ff90b455000 	C:\Windows\System32\combase.dll
0x00007ff909df0000 - 0x00007ff909e1c000 	C:\Windows\SYSTEM32\Wldp.dll
0x00007ff90bdf0000 - 0x00007ff90be9e000 	C:\Windows\System32\SHCORE.dll
0x00007ff90c720000 - 0x00007ff90c775000 	C:\Windows\System32\shlwapi.dll
0x00007ff90a330000 - 0x00007ff90a34f000 	C:\Windows\SYSTEM32\profapi.dll
0x00007ff8f9cf0000 - 0x00007ff8f9d0a000 	C:\Program Files\Android\Android Studio\jre\bin\net.dll
0x00007ff8fc9a0000 - 0x00007ff8fcaaa000 	C:\Windows\SYSTEM32\WINHTTP.dll
0x00007ff909af0000 - 0x00007ff909b5a000 	C:\Windows\system32\mswsock.dll
0x00007ff8f9420000 - 0x00007ff8f9434000 	C:\Program Files\Android\Android Studio\jre\bin\nio.dll
0x00007ff8e6bd0000 - 0x00007ff8e6bf7000 	C:\Users\ASUS\.gradle\native\fdc75f09e3144964f2cf3f50f0aa648679c211496f362492102eb8c894070792\windows-amd64\native-platform.dll
0x00007ff8c6280000 - 0x00007ff8c6416000 	C:\Users\ASUS\.gradle\native\12488b8bf47d2d4c9fbf2f6322a914ad602e24e48041cd04a747c6da556b65c4\windows-amd64\native-platform-file-events.dll
0x00007ff903e90000 - 0x00007ff903e9a000 	C:\Program Files\Android\Android Studio\jre\bin\management.dll
0x00007ff902360000 - 0x00007ff90236c000 	C:\Program Files\Android\Android Studio\jre\bin\management_ext.dll
0x00007ff909cd0000 - 0x00007ff909ce8000 	C:\Windows\SYSTEM32\CRYPTSP.dll
0x00007ff909490000 - 0x00007ff9094c4000 	C:\Windows\system32\rsaenh.dll
0x00007ff90ab30000 - 0x00007ff90ab57000 	C:\Windows\System32\bcrypt.dll
0x00007ff90a2b0000 - 0x00007ff90a2de000 	C:\Windows\SYSTEM32\USERENV.dll
0x00007ff909cf0000 - 0x00007ff909cfc000 	C:\Windows\SYSTEM32\CRYPTBASE.dll
0x00007ff9097e0000 - 0x00007ff90981b000 	C:\Windows\SYSTEM32\IPHLPAPI.DLL
0x00007ff90c8d0000 - 0x00007ff90c8d8000 	C:\Windows\System32\NSI.dll
0x00007ff902da0000 - 0x00007ff902db7000 	C:\Windows\SYSTEM32\dhcpcsvc6.DLL
0x00007ff9037d0000 - 0x00007ff9037ed000 	C:\Windows\SYSTEM32\dhcpcsvc.DLL
0x00007ff909820000 - 0x00007ff9098ec000 	C:\Windows\SYSTEM32\DNSAPI.dll
0x00007ff9041b0000 - 0x00007ff9041bb000 	C:\Windows\SYSTEM32\WINNSI.DLL

dbghelp: loaded successfully - version: 4.0.5 - missing functions: none
symbol engine: initialized successfully - sym options: 0x614 - pdb path: .;C:\Program Files\Android\Android Studio\jre\bin;C:\Windows\SYSTEM32;C:\Windows\WinSxS\amd64_microsoft.windows.common-controls_6595b64144ccf1df_6.0.19041.1110_none_60b5254171f9507e;C:\Program Files\Android\Android Studio\jre\bin\server;C:\Users\ASUS\.gradle\native\fdc75f09e3144964f2cf3f50f0aa648679c211496f362492102eb8c894070792\windows-amd64;C:\Users\ASUS\.gradle\native\12488b8bf47d2d4c9fbf2f6322a914ad602e24e48041cd04a747c6da556b65c4\windows-amd64

VM Arguments:
jvm_args: --add-opens=java.base/java.util=ALL-UNNAMED --add-opens=java.base/java.lang=ALL-UNNAMED --add-opens=java.base/java.lang.invoke=ALL-UNNAMED --add-opens=java.prefs/java.util.prefs=ALL-UNNAMED -Xmx2048m -Dfile.encoding=UTF-8 -Duser.country=US -Duser.language=en -Duser.variant 
java_command: org.gradle.launcher.daemon.bootstrap.GradleDaemon 6.7.1
java_class_path (initial): C:\Users\ASUS\.gradle\wrapper\dists\gradle-6.7.1-bin\bwlcbys1h7rz3272sye1xwiv6\gradle-6.7.1\lib\gradle-launcher-6.7.1.jar
Launcher Type: SUN_STANDARD

[Global flags]
     intx CICompilerCount                          = 4                                         {product} {ergonomic}
     uint ConcGCThreads                            = 2                                         {product} {ergonomic}
     uint G1ConcRefinementThreads                  = 8                                         {product} {ergonomic}
   size_t G1HeapRegionSize                         = 1048576                                   {product} {ergonomic}
    uintx GCDrainStackTargetSize                   = 64                                        {product} {ergonomic}
   size_t InitialHeapSize                          = 100663296                                 {product} {ergonomic}
   size_t MarkStackSize                            = 4194304                                   {product} {ergonomic}
   size_t MaxHeapSize                              = 2147483648                                {product} {command line}
   size_t MaxNewSize                               = 1287651328                                {product} {ergonomic}
   size_t MinHeapDeltaBytes                        = 1048576                                   {product} {ergonomic}
    uintx NonNMethodCodeHeapSize                   = 5836300                                {pd product} {ergonomic}
    uintx NonProfiledCodeHeapSize                  = 122910970                              {pd product} {ergonomic}
    uintx ProfiledCodeHeapSize                     = 122910970                              {pd product} {ergonomic}
    uintx ReservedCodeCacheSize                    = 251658240                              {pd product} {ergonomic}
     bool SegmentedCodeCache                       = true                                      {product} {ergonomic}
     bool UseCompressedClassPointers               = true                                 {lp64_product} {ergonomic}
     bool UseCompressedOops                        = true                                 {lp64_product} {ergonomic}
     bool UseG1GC                                  = true                                      {product} {ergonomic}
     bool UseLargePagesIndividualAllocation        = false                                  {pd product} {ergonomic}

Logging:
Log output configuration:
 #0: stdout all=warning uptime,level,tags
 #1: stderr all=off uptime,level,tags

Environment Variables:
JAVA_HOME=C:\Program Files\Java\jdk-16.0.1
PATH=C:\Program Files\Common Files\Oracle\Java\javapath;C:\Windows\system32;C:\Windows;C:\Windows\System32\Wbem;C:\Windows\System32\WindowsPowerShell\v1.0\;C:\Windows\System32\OpenSSH\;C:\MinGW\bin;C:\Program Files\dotnet\;C:\Program Files\Java\jdk-16.0.1\bin;C:\sqlite3;;C:\TDM-GCC-32\bin;C:\Users\ASUS\AppData\Local\Microsoft\WindowsApps;C:\Users\ASUS\AppData\Local\Programs\Microsoft VS Code\bin;C:\Users\ASUS\AppData\Local\GitHubDesktop\bin
USERNAME=ASUS
OS=Windows_NT
PROCESSOR_IDENTIFIER=AMD64 Family 23 Model 24 Stepping 1, AuthenticAMD



---------------  S Y S T E M  ---------------

OS: Windows 10 , 64 bit Build 19041 (10.0.19041.1023)
OS uptime: 0 days 1:11 hours

CPU:total 8 (initial active 8) (8 cores per cpu, 2 threads per core) family 23 model 24 stepping 1, cmov, cx8, fxsr, mmx, sse, sse2, sse3, ssse3, sse4.1, sse4.2, popcnt, avx, avx2, aes, clmul, mmxext, 3dnowpref, lzcnt, sse4a, ht, tsc, tscinvbit, tscinv, bmi1, bmi2, adx, sha, fma

Memory: 4k page, system-wide physical 6091M (384M free)
TotalPageFile size 7748M (AvailPageFile size 20M)
current process WorkingSet (physical memory assigned to process): 325M, peak: 329M
current process commit charge ("private bytes"): 385M, peak: 409M

vm_info: OpenJDK 64-Bit Server VM (11.0.8+10-b944.6842174) for windows-amd64 JRE (11.0.8+10-b944.6842174), built on Sep 19 2020 01:11:42 by "builder" with MS VC++ 14.0 (VS2015)

END.
